mode: set
github.com/ODIM-Project/ODIM/svc-events/evmodel/events.go:175.61,177.16 2 1
github.com/ODIM-Project/ODIM/svc-events/evmodel/events.go:180.2,181.16 2 1
github.com/ODIM-Project/ODIM/svc-events/evmodel/events.go:184.2,185.74 2 1
github.com/ODIM-Project/ODIM/svc-events/evmodel/events.go:188.2,188.22 1 1
github.com/ODIM-Project/ODIM/svc-events/evmodel/events.go:177.16,179.3 1 1
github.com/ODIM-Project/ODIM/svc-events/evmodel/events.go:181.16,183.3 1 1
github.com/ODIM-Project/ODIM/svc-events/evmodel/events.go:185.74,187.3 1 0
github.com/ODIM-Project/ODIM/svc-events/evmodel/events.go:192.52,195.16 3 1
github.com/ODIM-Project/ODIM/svc-events/evmodel/events.go:199.2,200.16 2 1
github.com/ODIM-Project/ODIM/svc-events/evmodel/events.go:203.2,203.64 1 1
github.com/ODIM-Project/ODIM/svc-events/evmodel/events.go:206.2,206.21 1 1
github.com/ODIM-Project/ODIM/svc-events/evmodel/events.go:195.16,197.3 1 1
github.com/ODIM-Project/ODIM/svc-events/evmodel/events.go:200.16,202.3 1 1
github.com/ODIM-Project/ODIM/svc-events/evmodel/events.go:203.64,205.3 1 0
github.com/ODIM-Project/ODIM/svc-events/evmodel/events.go:211.62,215.16 3 1
github.com/ODIM-Project/ODIM/svc-events/evmodel/events.go:219.2,220.16 2 1
github.com/ODIM-Project/ODIM/svc-events/evmodel/events.go:224.2,224.68 1 1
github.com/ODIM-Project/ODIM/svc-events/evmodel/events.go:228.2,229.17 2 1
github.com/ODIM-Project/ODIM/svc-events/evmodel/events.go:232.2,234.21 2 1
github.com/ODIM-Project/ODIM/svc-events/evmodel/events.go:215.16,217.3 1 1
github.com/ODIM-Project/ODIM/svc-events/evmodel/events.go:220.16,222.3 1 1
github.com/ODIM-Project/ODIM/svc-events/evmodel/events.go:224.68,226.3 1 1
github.com/ODIM-Project/ODIM/svc-events/evmodel/events.go:229.17,231.3 1 1
github.com/ODIM-Project/ODIM/svc-events/evmodel/events.go:238.48,240.16 2 1
github.com/ODIM-Project/ODIM/svc-events/evmodel/events.go:243.2,244.16 2 1
github.com/ODIM-Project/ODIM/svc-events/evmodel/events.go:247.2,248.27 2 1
github.com/ODIM-Project/ODIM/svc-events/evmodel/events.go:268.2,268.21 1 1
github.com/ODIM-Project/ODIM/svc-events/evmodel/events.go:240.16,242.3 1 1
github.com/ODIM-Project/ODIM/svc-events/evmodel/events.go:244.16,246.3 1 0
github.com/ODIM-Project/ODIM/svc-events/evmodel/events.go:248.27,251.17 3 1
github.com/ODIM-Project/ODIM/svc-events/evmodel/events.go:255.3,255.69 1 1
github.com/ODIM-Project/ODIM/svc-events/evmodel/events.go:259.3,260.18 2 1
github.com/ODIM-Project/ODIM/svc-events/evmodel/events.go:263.3,265.36 2 1
github.com/ODIM-Project/ODIM/svc-events/evmodel/events.go:251.17,253.4 1 0
github.com/ODIM-Project/ODIM/svc-events/evmodel/events.go:255.69,257.4 1 0
github.com/ODIM-Project/ODIM/svc-events/evmodel/events.go:260.18,262.4 1 0
github.com/ODIM-Project/ODIM/svc-events/evmodel/events.go:272.58,274.16 2 1
github.com/ODIM-Project/ODIM/svc-events/evmodel/events.go:277.2,278.16 2 1
github.com/ODIM-Project/ODIM/svc-events/evmodel/events.go:281.2,281.23 1 1
github.com/ODIM-Project/ODIM/svc-events/evmodel/events.go:274.16,276.3 1 1
github.com/ODIM-Project/ODIM/svc-events/evmodel/events.go:278.16,280.3 1 0
github.com/ODIM-Project/ODIM/svc-events/evmodel/events.go:285.40,287.16 2 1
github.com/ODIM-Project/ODIM/svc-events/evmodel/events.go:290.2,291.16 2 1
github.com/ODIM-Project/ODIM/svc-events/evmodel/events.go:294.2,294.23 1 1
github.com/ODIM-Project/ODIM/svc-events/evmodel/events.go:287.16,289.3 1 1
github.com/ODIM-Project/ODIM/svc-events/evmodel/events.go:291.16,293.3 1 0
github.com/ODIM-Project/ODIM/svc-events/evmodel/events.go:298.49,300.16 2 1
github.com/ODIM-Project/ODIM/svc-events/evmodel/events.go:304.2,305.17 2 1
github.com/ODIM-Project/ODIM/svc-events/evmodel/events.go:308.2,308.18 1 1
github.com/ODIM-Project/ODIM/svc-events/evmodel/events.go:300.16,302.3 1 1
github.com/ODIM-Project/ODIM/svc-events/evmodel/events.go:305.17,307.3 1 1
github.com/ODIM-Project/ODIM/svc-events/evmodel/events.go:312.53,316.16 3 1
github.com/ODIM-Project/ODIM/svc-events/evmodel/events.go:320.2,321.16 2 1
github.com/ODIM-Project/ODIM/svc-events/evmodel/events.go:325.2,325.70 1 1
github.com/ODIM-Project/ODIM/svc-events/evmodel/events.go:329.2,329.20 1 1
github.com/ODIM-Project/ODIM/svc-events/evmodel/events.go:316.16,318.3 1 1
github.com/ODIM-Project/ODIM/svc-events/evmodel/events.go:321.16,323.3 1 1
github.com/ODIM-Project/ODIM/svc-events/evmodel/events.go:325.70,327.3 1 0
github.com/ODIM-Project/ODIM/svc-events/evmodel/events.go:333.63,336.16 3 1
github.com/ODIM-Project/ODIM/svc-events/evmodel/events.go:339.2,340.16 2 1
github.com/ODIM-Project/ODIM/svc-events/evmodel/events.go:343.2,343.76 1 1
github.com/ODIM-Project/ODIM/svc-events/evmodel/events.go:347.2,347.23 1 1
github.com/ODIM-Project/ODIM/svc-events/evmodel/events.go:336.16,338.3 1 1
github.com/ODIM-Project/ODIM/svc-events/evmodel/events.go:340.16,342.3 1 1
github.com/ODIM-Project/ODIM/svc-events/evmodel/events.go:343.76,345.3 1 1
github.com/ODIM-Project/ODIM/svc-events/evmodel/events.go:351.40,353.16 2 1
github.com/ODIM-Project/ODIM/svc-events/evmodel/events.go:356.2,357.16 2 1
github.com/ODIM-Project/ODIM/svc-events/evmodel/events.go:360.2,360.38 1 1
github.com/ODIM-Project/ODIM/svc-events/evmodel/events.go:363.2,363.23 1 1
github.com/ODIM-Project/ODIM/svc-events/evmodel/events.go:353.16,355.3 1 1
github.com/ODIM-Project/ODIM/svc-events/evmodel/events.go:357.16,359.3 1 0
github.com/ODIM-Project/ODIM/svc-events/evmodel/events.go:360.38,362.3 1 1
github.com/ODIM-Project/ODIM/svc-events/evmodel/events.go:367.73,370.16 2 1
github.com/ODIM-Project/ODIM/svc-events/evmodel/events.go:373.2,374.17 2 1
github.com/ODIM-Project/ODIM/svc-events/evmodel/events.go:377.2,384.32 3 1
github.com/ODIM-Project/ODIM/svc-events/evmodel/events.go:370.16,372.3 1 1
github.com/ODIM-Project/ODIM/svc-events/evmodel/events.go:374.17,376.3 1 0
github.com/ODIM-Project/ODIM/svc-events/evmodel/events.go:388.81,390.16 2 1
github.com/ODIM-Project/ODIM/svc-events/evmodel/events.go:393.2,394.17 2 1
github.com/ODIM-Project/ODIM/svc-events/evmodel/events.go:397.2,397.12 1 1
github.com/ODIM-Project/ODIM/svc-events/evmodel/events.go:390.16,392.3 1 1
github.com/ODIM-Project/ODIM/svc-events/evmodel/events.go:394.17,396.3 1 0
github.com/ODIM-Project/ODIM/svc-events/evmodel/events.go:401.71,403.16 2 1
github.com/ODIM-Project/ODIM/svc-events/evmodel/events.go:406.2,407.17 2 1
github.com/ODIM-Project/ODIM/svc-events/evmodel/events.go:410.2,410.12 1 1
github.com/ODIM-Project/ODIM/svc-events/evmodel/events.go:403.16,405.3 1 1
github.com/ODIM-Project/ODIM/svc-events/evmodel/events.go:407.17,409.3 1 1
github.com/ODIM-Project/ODIM/svc-events/evmodel/events.go:414.52,416.16 2 1
github.com/ODIM-Project/ODIM/svc-events/evmodel/events.go:419.2,420.17 2 1
github.com/ODIM-Project/ODIM/svc-events/evmodel/events.go:423.2,423.12 1 1
github.com/ODIM-Project/ODIM/svc-events/evmodel/events.go:416.16,418.3 1 1
github.com/ODIM-Project/ODIM/svc-events/evmodel/events.go:420.17,422.3 1 0
github.com/ODIM-Project/ODIM/svc-events/evmodel/events.go:427.54,432.20 3 1
github.com/ODIM-Project/ODIM/svc-events/evmodel/events.go:435.2,435.34 1 1
github.com/ODIM-Project/ODIM/svc-events/evmodel/events.go:432.20,434.3 1 0
github.com/ODIM-Project/ODIM/svc-events/evmodel/events.go:439.64,441.16 2 1
github.com/ODIM-Project/ODIM/svc-events/evmodel/events.go:444.2,445.17 2 1
github.com/ODIM-Project/ODIM/svc-events/evmodel/events.go:448.2,449.17 2 1
github.com/ODIM-Project/ODIM/svc-events/evmodel/events.go:452.2,452.12 1 1
github.com/ODIM-Project/ODIM/svc-events/evmodel/events.go:441.16,443.3 1 1
github.com/ODIM-Project/ODIM/svc-events/evmodel/events.go:445.17,447.3 1 0
github.com/ODIM-Project/ODIM/svc-events/evmodel/events.go:449.17,451.3 1 1
github.com/ODIM-Project/ODIM/svc-events/evmodel/events.go:456.68,458.16 2 1
github.com/ODIM-Project/ODIM/svc-events/evmodel/events.go:461.2,462.17 2 1
github.com/ODIM-Project/ODIM/svc-events/evmodel/events.go:465.2,466.31 2 1
github.com/ODIM-Project/ODIM/svc-events/evmodel/events.go:474.2,474.32 1 1
github.com/ODIM-Project/ODIM/svc-events/evmodel/events.go:458.16,460.3 1 1
github.com/ODIM-Project/ODIM/svc-events/evmodel/events.go:462.17,464.3 1 0
github.com/ODIM-Project/ODIM/svc-events/evmodel/events.go:466.31,468.66 2 1
github.com/ODIM-Project/ODIM/svc-events/evmodel/events.go:471.3,471.60 1 1
github.com/ODIM-Project/ODIM/svc-events/evmodel/events.go:468.66,470.4 1 0
github.com/ODIM-Project/ODIM/svc-events/evmodel/events.go:478.46,480.16 2 1
github.com/ODIM-Project/ODIM/svc-events/evmodel/events.go:483.2,484.17 2 1
github.com/ODIM-Project/ODIM/svc-events/evmodel/events.go:487.2,487.12 1 1
github.com/ODIM-Project/ODIM/svc-events/evmodel/events.go:480.16,482.3 1 1
github.com/ODIM-Project/ODIM/svc-events/evmodel/events.go:484.17,486.3 1 0
github.com/ODIM-Project/ODIM/svc-events/evmodel/events.go:491.66,493.16 2 1
github.com/ODIM-Project/ODIM/svc-events/evmodel/events.go:496.2,497.17 2 1
github.com/ODIM-Project/ODIM/svc-events/evmodel/events.go:500.2,501.17 2 1
github.com/ODIM-Project/ODIM/svc-events/evmodel/events.go:504.2,504.12 1 1
github.com/ODIM-Project/ODIM/svc-events/evmodel/events.go:493.16,495.3 1 1
github.com/ODIM-Project/ODIM/svc-events/evmodel/events.go:497.17,499.3 1 0
github.com/ODIM-Project/ODIM/svc-events/evmodel/events.go:501.17,503.3 1 0
github.com/ODIM-Project/ODIM/svc-events/evmodel/events.go:508.99,510.16 2 1
github.com/ODIM-Project/ODIM/svc-events/evmodel/events.go:513.2,513.51 1 1
github.com/ODIM-Project/ODIM/svc-events/evmodel/events.go:510.16,512.3 1 1
github.com/ODIM-Project/ODIM/svc-events/evmodel/events.go:517.60,519.16 2 1
github.com/ODIM-Project/ODIM/svc-events/evmodel/events.go:523.2,523.87 1 1
github.com/ODIM-Project/ODIM/svc-events/evmodel/events.go:527.2,527.12 1 1
github.com/ODIM-Project/ODIM/svc-events/evmodel/events.go:519.16,522.3 2 1
github.com/ODIM-Project/ODIM/svc-events/evmodel/events.go:523.87,526.3 2 0
github.com/ODIM-Project/ODIM/svc-events/evmodel/events.go:531.63,533.16 2 1
github.com/ODIM-Project/ODIM/svc-events/evmodel/events.go:537.2,538.16 2 1
github.com/ODIM-Project/ODIM/svc-events/evmodel/events.go:542.2,542.23 1 1
github.com/ODIM-Project/ODIM/svc-events/evmodel/events.go:533.16,535.3 1 1
github.com/ODIM-Project/ODIM/svc-events/evmodel/events.go:538.16,540.3 1 1
github.com/ODIM-Project/ODIM/svc-events/evmodel/events.go:546.56,548.16 2 1
github.com/ODIM-Project/ODIM/svc-events/evmodel/events.go:551.2,551.68 1 1
github.com/ODIM-Project/ODIM/svc-events/evmodel/events.go:554.2,554.12 1 1
github.com/ODIM-Project/ODIM/svc-events/evmodel/events.go:548.16,550.3 1 1
github.com/ODIM-Project/ODIM/svc-events/evmodel/events.go:551.68,553.3 1 0
github.com/ODIM-Project/ODIM/svc-events/evmodel/events.go:559.57,561.16 2 1
github.com/ODIM-Project/ODIM/svc-events/evmodel/events.go:564.2,564.80 1 1
github.com/ODIM-Project/ODIM/svc-events/evmodel/events.go:567.2,568.16 2 1
github.com/ODIM-Project/ODIM/svc-events/evmodel/events.go:571.2,572.12 2 1
github.com/ODIM-Project/ODIM/svc-events/evmodel/events.go:561.16,563.3 1 1
github.com/ODIM-Project/ODIM/svc-events/evmodel/events.go:564.80,566.3 1 0
github.com/ODIM-Project/ODIM/svc-events/evmodel/events.go:568.16,570.3 1 0
github.com/ODIM-Project/ODIM/svc-events/evmodel/events.go:577.65,579.16 2 1
github.com/ODIM-Project/ODIM/svc-events/evmodel/events.go:582.2,583.16 2 1
github.com/ODIM-Project/ODIM/svc-events/evmodel/events.go:586.2,586.18 1 1
github.com/ODIM-Project/ODIM/svc-events/evmodel/events.go:579.16,581.3 1 1
github.com/ODIM-Project/ODIM/svc-events/evmodel/events.go:583.16,585.3 1 1
github.com/ODIM-Project/ODIM/svc-events/evmodel/events.go:590.60,592.16 2 1
github.com/ODIM-Project/ODIM/svc-events/evmodel/events.go:595.2,595.64 1 1
github.com/ODIM-Project/ODIM/svc-events/evmodel/events.go:598.2,598.12 1 1
github.com/ODIM-Project/ODIM/svc-events/evmodel/events.go:592.16,594.3 1 1
github.com/ODIM-Project/ODIM/svc-events/evmodel/events.go:595.64,597.3 1 0
github.com/ODIM-Project/ODIM/svc-events/evmodel/events.go:602.75,604.16 2 1
github.com/ODIM-Project/ODIM/svc-events/evmodel/events.go:607.2,608.17 2 1
github.com/ODIM-Project/ODIM/svc-events/evmodel/events.go:611.2,611.12 1 1
github.com/ODIM-Project/ODIM/svc-events/evmodel/events.go:604.16,606.3 1 1
github.com/ODIM-Project/ODIM/svc-events/evmodel/events.go:608.17,610.3 1 0
github.com/ODIM-Project/ODIM/svc-events/evmodel/events.go:615.70,617.16 2 1
github.com/ODIM-Project/ODIM/svc-events/evmodel/events.go:620.2,621.17 2 1
github.com/ODIM-Project/ODIM/svc-events/evmodel/events.go:624.2,624.12 1 1
github.com/ODIM-Project/ODIM/svc-events/evmodel/events.go:617.16,619.3 1 1
github.com/ODIM-Project/ODIM/svc-events/evmodel/events.go:621.17,623.3 1 1
github.com/ODIM-Project/ODIM/svc-events/evmodel/events.go:628.62,631.16 2 1
github.com/ODIM-Project/ODIM/svc-events/evmodel/events.go:634.2,635.17 2 1
github.com/ODIM-Project/ODIM/svc-events/evmodel/events.go:638.2,640.21 3 1
github.com/ODIM-Project/ODIM/svc-events/evmodel/events.go:631.16,633.3 1 1
github.com/ODIM-Project/ODIM/svc-events/evmodel/events.go:635.17,637.3 1 1
github.com/ODIM-Project/ODIM/svc-events/evmodel/events.go:644.56,646.16 2 1
github.com/ODIM-Project/ODIM/svc-events/evmodel/events.go:649.2,650.17 2 1
github.com/ODIM-Project/ODIM/svc-events/evmodel/events.go:653.2,654.34 2 1
github.com/ODIM-Project/ODIM/svc-events/evmodel/events.go:661.2,661.24 1 1
github.com/ODIM-Project/ODIM/svc-events/evmodel/events.go:646.16,648.3 1 1
github.com/ODIM-Project/ODIM/svc-events/evmodel/events.go:650.17,652.3 1 1
github.com/ODIM-Project/ODIM/svc-events/evmodel/events.go:654.34,656.23 2 1
github.com/ODIM-Project/ODIM/svc-events/evmodel/events.go:659.3,659.45 1 1
github.com/ODIM-Project/ODIM/svc-events/evmodel/events.go:656.23,657.12 1 1
